2013-12-10 21:55:04 [CLIENT] [INFO] Setting user: Player295
2013-12-10 21:55:06 [CLIENT] [INFO] LWJGL Version: 2.9.0
2013-12-10 21:55:08 [CLIENT] [INFO] Reloading ResourceManager: Default
2013-12-10 21:55:13 [CLIENT] [INFO] Reloading ResourceManager: Default, FMLFileResourcePack:Forge Mod Loader, FMLFileResourcePack:Minecraft Forge, FMLFileResourcePack:Example Mod
2013-12-10 21:55:15 [CLIENT] [INFO] Reloading ResourceManager: Default, FMLFileResourcePack:Forge Mod Loader, FMLFileResourcePack:Minecraft Forge, FMLFileResourcePack:Example Mod
2013-12-10 21:55:15 [CLIENT] [SEVERE] ########## GL ERROR ##########
2013-12-10 21:55:15 [CLIENT] [SEVERE] @ Post startup
2013-12-10 21:55:15 [CLIENT] [SEVERE] 1281: Invalid value
2013-12-10 21:55:19 [CLIENT] [SEVERE] Realms: Invalid session id
2013-12-10 21:55:27 [CLIENT] [INFO] Stopping!
2013-12-11 20:06:49 [CLIENT] [INFO] Setting user: Player817
2013-12-11 20:06:50 [CLIENT] [INFO] LWJGL Version: 2.9.0
2013-12-11 20:06:53 [CLIENT] [INFO] Reloading ResourceManager: Default
2013-12-11 20:07:05 [CLIENT] [INFO] Reloading ResourceManager: Default, FMLFileResourcePack:Forge Mod Loader, FMLFileResourcePack:Minecraft Forge, FMLFileResourcePack:examplemod, FMLFileResourcePack:MineChem
2013-12-11 20:07:07 [CLIENT] [SEVERE] Using missing texture, unable to load: minecraft:textures/blocks/MISSING_ICON_TILE_4014_minechem.blockSynthesis.png
2013-12-11 20:07:07 [CLIENT] [SEVERE] Using missing texture, unable to load: minecraft:textures/blocks/MISSING_ICON_TILE_4019_Blueprint Printer (WIP).png
2013-12-11 20:07:07 [CLIENT] [SEVERE] Using missing texture, unable to load: minecraft:textures/blocks/MISSING_ICON_TILE_4015_minechem.blockBlueprintProjector.png
2013-12-11 20:07:07 [CLIENT] [SEVERE] Using missing texture, unable to load: minechem:textures/blocks/microscope.png
2013-12-11 20:07:07 [CLIENT] [SEVERE] Using missing texture, unable to load: minecraft:textures/items/MISSING_ICON_ITEM_4996_name.fusionStar.png
2013-12-11 20:07:08 [CLIENT] [INFO] Reloading ResourceManager: Default, FMLFileResourcePack:Forge Mod Loader, FMLFileResourcePack:Minecraft Forge, FMLFileResourcePack:examplemod, FMLFileResourcePack:MineChem
2013-12-11 20:07:08 [CLIENT] [SEVERE] Using missing texture, unable to load: minecraft:textures/items/MISSING_ICON_ITEM_4996_name.fusionStar.png
2013-12-11 20:07:08 [CLIENT] [SEVERE] Using missing texture, unable to load: minecraft:textures/blocks/MISSING_ICON_TILE_4014_minechem.blockSynthesis.png
2013-12-11 20:07:08 [CLIENT] [SEVERE] Using missing texture, unable to load: minecraft:textures/blocks/MISSING_ICON_TILE_4019_Blueprint Printer (WIP).png
2013-12-11 20:07:08 [CLIENT] [SEVERE] Using missing texture, unable to load: minecraft:textures/blocks/MISSING_ICON_TILE_4015_minechem.blockBlueprintProjector.png
2013-12-11 20:07:08 [CLIENT] [SEVERE] Using missing texture, unable to load: minechem:textures/blocks/microscope.png
2013-12-11 20:07:08 [CLIENT] [SEVERE] ########## GL ERROR ##########
2013-12-11 20:07:08 [CLIENT] [SEVERE] @ Post startup
2013-12-11 20:07:08 [CLIENT] [SEVERE] 1281: Invalid value
2013-12-11 20:07:13 [CLIENT] [SEVERE] Realms: Invalid session id
2013-12-11 20:14:22 [CLIENT] [INFO] Stopping!
